<?xml version="1.0" encoding="UTF-8"?>
<!-- Generated by org.testng.reporters.JUnitXMLReporter -->
<testsuite ignored="0" hostname="192-168-1-177.tpgi.com.au" failures="0" tests="7" name="RestAssuredTests" time="9.509" errors="0" timestamp="2021-09-02T23:57:51 AEST">
  <testcase classname="dataDrivenTesting" name="createUser" time="3.133"/>
  <testcase classname="dataDrivenTesting" name="createUser" time="0.801"/>
  <testcase classname="dataDrivenTesting" name="createUser" time="0.772"/>
  <testcase classname="dataDrivenTesting" name="createUser" time="0.821"/>
  <testcase classname="TC001_GET_Request" name="getListOfUsers" time="0.213"/>
  <testcase classname="TC002_POST_Request" name="createUser" time="1.488"/>
  <testcase classname="TC003_GET_Response_Body" name="getListOfResources" time="0.812"/>
</testsuite> <!-- RestAssuredTests -->
